{
  "stats": {
    "suites": 1,
    "tests": 1,
    "passes": 0,
    "pending": 0,
    "failures": 1,
    "start": "2023-07-29T16:48:30.826Z",
    "end": "2023-07-29T16:48:31.724Z",
    "duration": 898,
    "testsRegistered": 1,
    "passPercent": 0,
    "pendingPercent": 0,
    "other": 0,
    "hasOther": false,
    "skipped": 0,
    "hasSkipped": false
  },
  "results": [
    {
      "uuid": "b9d77937-d5ae-43fb-b33e-d9e48301b201",
      "title": "",
      "fullFile": "cypress\\e2e\\loginIncorre.cy.js",
      "file": "cypress\\e2e\\loginIncorre.cy.js",
      "beforeHooks": [],
      "afterHooks": [],
      "tests": [],
      "suites": [
        {
          "uuid": "8ca9b9fb-699b-412f-9c27-34f7721b6057",
          "title": "Pagina de login",
          "fullFile": "",
          "file": "",
          "beforeHooks": [],
          "afterHooks": [],
          "tests": [
            {
              "title": "Verificar mensagem de campos obrigatórios",
              "fullTitle": "Pagina de login Verificar mensagem de campos obrigatórios",
              "timedOut": null,
              "duration": 793,
              "state": "failed",
              "speed": null,
              "pass": false,
              "fail": true,
              "pending": false,
              "context": null,
              "code": "cy.visit('http://localhost:4200/#/home');\ncy.contains('User name is required').should('be.visible');\ncy.contains('Password is required').should('be.visible');",
              "err": {
                "message": "CypressError: `cy.visit()` failed trying to load:\n\nhttp://localhost:4200/\n\nWe attempted to make an http request to this URL but the request failed without a response.\n\nWe received this error at the network level:\n\n  > Error: connect ECONNREFUSED 127.0.0.1:4200\n\nCommon situations why this would fail:\n  - you don't have internet access\n  - you forgot to run / boot your web server\n  - your web server isn't accessible\n  - you have weird network configuration settings on your computer",
                "estack": "CypressError: `cy.visit()` failed trying to load:\n\nhttp://localhost:4200/\n\nWe attempted to make an http request to this URL but the request failed without a response.\n\nWe received this error at the network level:\n\n  > Error: connect ECONNREFUSED 127.0.0.1:4200\n\nCommon situations why this would fail:\n  - you don't have internet access\n  - you forgot to run / boot your web server\n  - your web server isn't accessible\n  - you have weird network configuration settings on your computer\n    at <unknown> (http://localhost:59686/__cypress/runner/cypress_runner.js:147833:82)\n    at visitFailedByErr (http://localhost:59686/__cypress/runner/cypress_runner.js:147225:12)\n    at <unknown> (http://localhost:59686/__cypress/runner/cypress_runner.js:147832:11)\n    at tryCatcher (http://localhost:59686/__cypress/runner/cypress_runner.js:18744:23)\n    at Promise._settlePromiseFromHandler (http://localhost:59686/__cypress/runner/cypress_runner.js:16679:31)\n    at Promise._settlePromise (http://localhost:59686/__cypress/runner/cypress_runner.js:16736:18)\n    at Promise._settlePromise0 (http://localhost:59686/__cypress/runner/cypress_runner.js:16781:10)\n    at Promise._settlePromises (http://localhost:59686/__cypress/runner/cypress_runner.js:16857:18)\n    at _drainQueueStep (http://localhost:59686/__cypress/runner/cypress_runner.js:13451:12)\n    at _drainQueue (http://localhost:59686/__cypress/runner/cypress_runner.js:13444:9)\n    at ../../node_modules/bluebird/js/release/async.js.Async._drainQueues (http://localhost:59686/__cypress/runner/cypress_runner.js:13460:5)\n    at Async.drainQueues (http://localhost:59686/__cypress/runner/cypress_runner.js:13330:14)\nFrom Your Spec Code:\n    at Context.eval (webpack:///./cypress/e2e/loginIncorre.cy.js:3:9)\n\nFrom Node.js Internals:\n  Error: connect ECONNREFUSED 127.0.0.1:4200\n      at TCPConnectWrap.afterConnect [as oncomplete] (node:net:1187:16)",
                "diff": null
              },
              "uuid": "d9aa10bc-2e63-440d-b166-c73d49b62a0d",
              "parentUUID": "8ca9b9fb-699b-412f-9c27-34f7721b6057",
              "isHook": false,
              "skipped": false
            }
          ],
          "suites": [],
          "passes": [],
          "failures": [
            "d9aa10bc-2e63-440d-b166-c73d49b62a0d"
          ],
          "pending": [],
          "skipped": [],
          "duration": 793,
          "root": false,
          "rootEmpty": false,
          "_timeout": 2000
        }
      ],
      "passes": [],
      "failures": [],
      "pending": [],
      "skipped": [],
      "duration": 0,
      "root": true,
      "rootEmpty": true,
      "_timeout": 2000
    }
  ],
  "meta": {
    "mocha": {
      "version": "7.0.1"
    },
    "mochawesome": {
      "options": {
        "quiet": false,
        "reportFilename": "mochawesome",
        "saveHtml": true,
        "saveJson": true,
        "consoleReporter": "spec",
        "useInlineDiffs": false,
        "code": true
      },
      "version": "7.1.3"
    },
    "marge": {
      "options": null,
      "version": "6.2.0"
    }
  }
}